=============================================Commands=============================================
"C:\Users\vanes\Downloads\PhyloSuite_v1.2.3_Win64_with_plugins\PhyloSuite\plugins\iqtree-2.2.0-Windows\bin\iqtree2.exe" -s "C:/Users/vanes/Phylo/Other_File/ProtoARFs\IQtree_results\2024_06_28-00_19_14\ARFselectedv38_mafft_trimAl.fas" -m JTT+R5+F -alrt 1000 -bb 1000 -bcor 0.90 -abayes -wbt -nt AUTO
==================================================================================================
IQ-TREE multicore version 2.2.0 COVID-edition for Windows 64-bit built Jun  1 2022
Developed by Bui Quang Minh, James Barbetti, Nguyen Lam Tung,
Olga Chernomor, Heiko Schmidt, Dominik Schrempf, Michael Woodhams, Ly Trong Nhan.
Host:    LAPTOP-QONVHGDG (AVX2, FMA3, 15 GB RAM)
Command: C:\Users\vanes\Downloads\PhyloSuite_v1.2.3_Win64_with_plugins\PhyloSuite\plugins\iqtree-2.2.0-Windows\bin\iqtree2.exe -s C:/Users/vanes/Phylo/Other_File/ProtoARFs\IQtree_results\2024_06_28-00_19_14\ARFselectedv38_mafft_trimAl.fas -m JTT+R5+F -alrt 1000 -bb 1000 -bcor 0.90 -abayes -wbt -nt AUTO
Seed:    237374 (Using SPRNG - Scalable Parallel Random Number Generator)
Time:    Fri Jun 28 00:19:15 2024
Kernel:  AVX+FMA - auto-detect threads (8 CPU cores detected)
Reading alignment file C:/Users/vanes/Phylo/Other_File/ProtoARFs\IQtree_results\2024_06_28-00_19_14\ARFselectedv38_mafft_trimAl.fas ... Fasta format detected
Reading fasta file: done in 0.0087202 secs using 179.2% CPU
Alignment most likely contains protein sequences
Constructing alignment: done in 0.010308 secs using 151.6% CPU
WARNING: 1 sites contain only gaps or ambiguous characters.
Alignment has 64 sequences with 2055 columns, 1789 distinct patterns
1097 parsimony-informative, 491 singleton sites, 467 constant sites
Gap/Ambiguity  Composition  p-value
Analyzing sequences: done in 0.107042 secs
1  AtARF1                                                                              67.64%    passed     32.36%
2  AtARF10                                                                             67.83%    passed     15.01%
3  AtARF11                                                                             69.73%    failed      0.55%
4  AtARF12                                                                             71.14%    failed      0.03%
5  AtARF13                                                                             69.78%    failed      0.00%
6  AtARF14                                                                             70.56%    failed      0.01%
7  AtARF15                                                                             71.14%    failed      0.03%
8  AtARF16                                                                             68.61%    failed      1.50%
9  AtARF17                                                                             72.65%    passed     11.93%
10  AtARF18                                                                             70.71%    passed      6.71%
11  AtARF19                                                                             52.51%    failed      0.00%
12  AtARF2                                                                              59.37%    passed     38.00%
13  AtARF20                                                                             71.29%    failed      0.00%
14  AtARF21                                                                             70.51%    failed      0.00%
15  AtARF22                                                                             70.90%    failed      0.00%
16  AtARF23_pseudogene                                                                  89.20%    passed     16.19%
17  AtARF3                                                                              70.46%    passed     11.14%
18  AtARF4                                                                              62.09%    passed     10.86%
19  AtARF5                                                                              56.69%    passed      9.05%
20  AtARF6                                                                              55.47%    failed      0.00%
21  AtARF7                                                                              49.49%    failed      0.00%
22  AtARF8                                                                              61.12%    failed      4.57%
23  AtARF9                                                                              68.95%    failed      0.17%
24  AtRAV1_ARATH_AP2_ERF_sp_Q9ZWM9_RAV1_ARATH_AP2                                       85.35%    failed      0.23%
25  BFIK_2028190_Entransia_fimbriata_m_967                                              77.08%    failed      0.03%
26  Bnapus_A0A078FFX5_A0A078FFX5_BRANA_BnaA03g46370D                                    69.59%    failed      0.50%
27  Bnapustr_A0A078JF09_A0A078JF09_BRANA_BnaA01g35830D                                  67.83%    passed     43.55%
28  CbARF                                                                               55.62%    failed      0.00%
29  Cmelkoniani_hrsp158S02297_Curated_sequencing_melkoniani                             66.76%    failed      0.00%
30  Corbicularis_14729                                                                  83.45%    passed     12.75%
31  Corbicularis_8990                                                                   90.66%    passed     67.03%
32  MeARF                                                                               68.81%    failed      0.00%
33  MendlicheriarumARFab_Curated                                                        47.49%    failed      0.00%
34  Mougeotiasp_578                                                                     63.99%    passed      7.82%
35  MpAP2_B3_lcl_Mp2g22250_1_Mapoly0072s0102_1                                          49.20%    failed      0.00%
36  MpARF1_Mp1g12750                                                                    55.52%    failed      0.86%
37  MpARF2_Mp4g11820                                                                    58.20%    passed     10.21%
38  MpARF3_Mp1g07070                                                                    63.89%    failed      1.69%
39  Nmirabilis_29836                                                                    60.15%    failed      0.00%
40  PmargaritaceumARF1d_PeniumARFlike_Cluster_20635_42371_TRINITY_DN75_c0_g1_i1_p1      76.98%    failed      0.01%
41  PmargaritaceumARF2b_PeniumARFlike_Cluster_45631_0_TRINITY_DN46660_c0_g1_i6_p1       84.04%    failed      0.78%
42  PmargaritaceumARF3ai12_PeniumARFlike_Cluster_18381_0_TRINITY_DN21854_c0_g1_i12_p1   75.13%    failed      1.41%
43  PmargaritaceumARF3ai13_PeniumARFlike_Cluster_18381_1_TRINITY_DN21854_c0_g1_i13_p1   75.13%    failed      1.29%
44  PmargaritaceumARF4c_PeniumARFlike_Cluster_56238_4_TRINITY_DN1043_c1_g1_i1_p1        68.18%    failed      0.00%
45  PmargaritaceumARF4ci4_PeniumARFlike_Cluster_56238_9_TRINITY_DN42712_c0_g2_i4_p2     93.77%    passed     45.34%
46  Pmargatitaceum_pm008777g0070_PutativeAP2_B3                                         70.36%    failed      0.00%
47  Ppatens_v3_3_Pp3c14_16990V3_10_p                                                    58.44%    passed     98.25%
48  Ppatens_v3_3_Pp3c16_6100V3_4_p                                                      62.19%    passed     81.73%
49  Ppatens_v3_3_Pp3c17_19900V3_2_p                                                     57.42%    passed     37.45%
50  Ppatens_v3_3_Pp3c1_40270V3_10_p                                                     57.32%    passed     51.11%
51  Ppatens_v3_3_Pp3c26_11550V3_2_p                                                     61.36%    passed     17.99%
52  Ppatens_v3_3_Pp3c2_25890V3_1_p                                                      62.77%    passed     64.04%
53  Ppatens_v3_3_Pp3c4_12970V3_2_p                                                      64.09%    passed     11.27%
54  Ppatens_v3_3_Pp3c5_9420V3_4_p                                                       62.73%    passed     46.95%
55  Ppatens_v3_3_Pp3c6_21370V3_2_p                                                      62.48%    passed     13.41%
56  Ppatens_v3_3_Pp3c6_26890V3_2_p                                                      67.98%    passed     78.03%
57  SmuscicolaARF2_SM000033S12389_abARF_curatedJHG                                      65.30%    passed     12.34%
58  Smuscicola_6868                                                                     65.21%    passed     12.47%
59  SmusicolaARF3_SM000147S01112_abARF_curatedJHG                                       65.60%    passed      8.61%
60  SpARF1                                                                              58.39%    failed      0.03%
61  Spratensis_1404                                                                     57.37%    failed      0.28%
62  Tcacao_A0A061G7E1_A0A061G7E1_THECC_TCM_016500                                       66.03%    passed     68.71%
63  Zcircumcarinatum1559_1_2089_UTEX1559_02089_1                                        46.91%    failed      0.00%
64  Zcircumcarinatum_15507                                                              52.85%    failed      0.00%
WARNING: 60 sequences contain more than 50% gaps/ambiguity
****  TOTAL                                                                               66.24%  35 sequences failed composition chi2 test (p-value<5%; df=19)
Checking for duplicate sequences: done in 0.138043 secs
Create initial parsimony tree by phylogenetic likelihood library (PLL)... 0.448 seconds
Generating 1000 samples for ultrafast bootstrap (seed: 237374)...
NOTE: 96 MB RAM (0 GB) is required!
Measuring multi-threading efficiency up to 8 CPU cores
4 trees examined
Threads: 1 / Time: 8.161 sec / Speedup: 1.000 / Efficiency: 100% / LogL: -90250
Threads: 2 / Time: 147.582 sec / Speedup: 0.055 / Efficiency: 3% / LogL: -90250
Determining AUTO threadcount: done in 155.812 secs using 11.45% CPU
BEST NUMBER OF THREADS: 1
Estimate model parameters (epsilon = 0.100)
1. Initial log-likelihood: -73649.137
2. Current log-likelihood: -68498.567
3. Current log-likelihood: -68416.388
4. Current log-likelihood: -68414.363
5. Current log-likelihood: -68413.793
6. Current log-likelihood: -68413.481
7. Current log-likelihood: -68413.349
8. Current log-likelihood: -68413.235
9. Current log-likelihood: -68413.134
Optimal log-likelihood: -68412.987
Site proportion and rates:  (0.080,0.073) (0.095,0.212) (0.201,0.478) (0.272,0.936) (0.352,1.773)
Parameters optimization took 9 rounds (276.012 sec)
Wrote distance file to...
Computing ML distances based on estimated model parameters...
Calculating distance matrix: done in 4.52043 secs using 43.9% CPU
Computing ML distances took 4.522575 sec (of wall-clock time) 1.984375 sec (of CPU time)
Setting up auxiliary I and S matrices: done in 0.0002134 secs
Constructing RapidNJ tree: done in 0.000793 secs
Computing RapidNJ tree took 0.001137 sec (of wall-clock time) 0.000000 sec (of CPU time)
Log-likelihood of RapidNJ tree: -68467.436
|             INITIALIZING CANDIDATE TREE SET                      |
Generating 98 parsimony trees... 78.556 second
Computing log-likelihood of 98 initial trees ... 309.082 seconds
Current best score: -68412.987
Do NNI search on 20 best initial trees
Optimizing NNI: done in 51.3011 secs using 46.48% CPU
Estimate model parameters (epsilon = 0.100)
BETTER TREE FOUND at iteration 1: -68350.032
Optimizing NNI: done in 63.7382 secs using 44.22% CPU
Optimizing NNI: done in 43.7694 secs using 45.34% CPU
Optimizing NNI: done in 45.998 secs using 42.22% CPU
Optimizing NNI: done in 52.8799 secs using 41.16% CPU
Optimizing NNI: done in 83.8257 secs using 39.14% CPU
Optimizing NNI: done in 68.5183 secs using 42.23% CPU
Optimizing NNI: done in 74.6695 secs using 41.18% CPU
Optimizing NNI: done in 51.5662 secs using 44% CPU
Optimizing NNI: done in 79.7206 secs using 39.12% CPU
Iteration 10 / LogL: -68351.740 / Time: 0h:26m:4s
Optimizing NNI: done in 45.9859 secs using 37.17% CPU
Optimizing NNI: done in 64.4702 secs using 39.58% CPU
Optimizing NNI: done in 78.2765 secs using 37.69% CPU
Optimizing NNI: done in 82.889 secs using 40.42% CPU
Optimizing NNI: done in 85.137 secs using 38.67% CPU
Optimizing NNI: done in 75.6399 secs using 41% CPU
Optimizing NNI: done in 87.1293 secs using 38.22% CPU
Optimizing NNI: done in 87.5884 secs using 40.94% CPU
Optimizing NNI: done in 92.5879 secs using 37.85% CPU
Optimizing NNI: done in 92.4283 secs using 37.29% CPU
Iteration 20 / LogL: -68351.724 / Time: 0h:39m:24s
Finish initializing candidate tree set (11)
Current best tree score: -68350.032 / CPU time: 1879.632
Number of iterations: 20
|               OPTIMIZING CANDIDATE TREE SET                      |
Optimizing NNI: done in 58.2546 secs using 40.9% CPU
Optimizing NNI: done in 84.562 secs using 41.96% CPU
Estimate model parameters (epsilon = 0.100)
BETTER TREE FOUND at iteration 22: -68347.538
Optimizing NNI: done in 80.3567 secs using 32.59% CPU
Optimizing NNI: done in 61.3473 secs using 38.36% CPU
Optimizing NNI: done in 75.5346 secs using 40.65% CPU
Optimizing NNI: done in 67.5971 secs using 42.49% CPU
Optimizing NNI: done in 65.2883 secs using 39.85% CPU
Optimizing NNI: done in 94.7949 secs using 38.37% CPU
Optimizing NNI: done in 55.521 secs using 39.26% CPU
Optimizing NNI: done in 80.2611 secs using 38.02% CPU
Iteration 30 / LogL: -68347.729 / Time: 0h:53m:15s (2h:48m:10s left)
Optimizing NNI: done in 91.0346 secs using 36.63% CPU
Optimizing NNI: done in 90.7078 secs using 34.06% CPU
Optimizing NNI: done in 72.152 secs using 50.44% CPU
Optimizing NNI: done in 68.8493 secs using 38.29% CPU
Optimizing NNI: done in 457.189 secs using 16.17% CPU
Optimizing NNI: done in 399.839 secs using 18.07% CPU
Optimizing NNI: done in 56.1403 secs using 31.2% CPU
Optimizing NNI: done in 95.4678 secs using 22.88% CPU
Optimizing NNI: done in 87.9696 secs using 28.31% CPU
Optimizing NNI: done in 82.1255 secs using 29.93% CPU
Iteration 40 / LogL: -68348.106 / Time: 1h:18m:40s (2h:44m:53s left)
Optimizing NNI: done in 56.1305 secs using 38.78% CPU
Optimizing NNI: done in 62.7254 secs using 31.59% CPU
Optimizing NNI: done in 67.3539 secs using 32.38% CPU
Optimizing NNI: done in 60.5914 secs using 29.73% CPU
Optimizing NNI: done in 63.1358 secs using 35.49% CPU
Optimizing NNI: done in 57.2305 secs using 39.89% CPU
Optimizing NNI: done in 63.9292 secs using 38.81% CPU
Optimizing NNI: done in 60.2083 secs using 32.57% CPU
Optimizing NNI: done in 49.5292 secs using 36.59% CPU
Optimizing NNI: done in 76.4539 secs using 33.09% CPU
Iteration 50 / LogL: -68347.552 / Time: 1h:29m:6s (2h:10m:34s left)
Log-likelihood cutoff on original alignment: -68388.504
UFBoot trees printed to C:/Users/vanes/Phylo/Other_File/ProtoARFs\IQtree_results\2024_06_28-00_19_14\ARFselectedv38_mafft_trimAl.fas.ufboot
Optimizing NNI: done in 55.9438 secs using 35.22% CPU
Optimizing NNI: done in 93.8283 secs using 30.92% CPU
Optimizing NNI: done in 70.272 secs using 30.71% CPU
Optimizing NNI: done in 55.6325 secs using 33.65% CPU
Optimizing NNI: done in 50.6996 secs using 35.1% CPU
Optimizing NNI: done in 71.1092 secs using 28.63% CPU
Optimizing NNI: done in 84.6205 secs using 28.53% CPU
Optimizing NNI: done in 49.4062 secs using 34.79% CPU
Optimizing NNI: done in 57.1387 secs using 31.8% CPU
Optimizing NNI: done in 65.3389 secs using 30.39% CPU
Iteration 60 / LogL: -68348.300 / Time: 1h:40m:14s (1h:45m:4s left)
Optimizing NNI: done in 69.8071 secs using 29.95% CPU
Optimizing NNI: done in 58.2773 secs using 37.48% CPU
Optimizing NNI: done in 60.554 secs using 34.83% CPU
Optimizing NNI: done in 68.5693 secs using 30.83% CPU
Optimizing NNI: done in 68.2929 secs using 32.49% CPU
Optimizing NNI: done in 66.9989 secs using 35.7% CPU
Optimizing NNI: done in 64.6921 secs using 36.88% CPU
Optimizing NNI: done in 57.4938 secs using 38.21% CPU
Optimizing NNI: done in 55.8266 secs using 39.38% CPU
Optimizing NNI: done in 53.2816 secs using 47.65% CPU
Iteration 70 / LogL: -68350.559 / Time: 1h:50m:46s (1h:23m:18s left)
Optimizing NNI: done in 58.6687 secs using 41.6% CPU
Optimizing NNI: done in 73.8169 secs using 39.22% CPU
Optimizing NNI: done in 63.1437 secs using 41.99% CPU
Optimizing NNI: done in 42.5509 secs using 44.84% CPU
Optimizing NNI: done in 61.0934 secs using 41.18% CPU
Optimizing NNI: done in 65.4132 secs using 40.61% CPU
Optimizing NNI: done in 61.4805 secs using 38.12% CPU
Optimizing NNI: done in 52.9734 secs using 39.7% CPU
Optimizing NNI: done in 63.3385 secs using 39.27% CPU
Optimizing NNI: done in 51.2345 secs using 40.71% CPU
Iteration 80 / LogL: -68350.710 / Time: 2h:0m:47s (1h:4m:5s left)
Optimizing NNI: done in 58.9411 secs using 42.39% CPU
Optimizing NNI: done in 67.6735 secs using 37.93% CPU
Optimizing NNI: done in 49.5832 secs using 41.72% CPU
Optimizing NNI: done in 63.7228 secs using 46.83% CPU
Optimizing NNI: done in 56.4022 secs using 46.49% CPU
Optimizing NNI: done in 52.1412 secs using 44.59% CPU
Optimizing NNI: done in 52.5154 secs using 44.36% CPU
Optimizing NNI: done in 58.2026 secs using 45.29% CPU
Optimizing NNI: done in 56.2659 secs using 43.52% CPU
Optimizing NNI: done in 48.608 secs using 44.71% CPU
Iteration 90 / LogL: -68349.678 / Time: 2h:10m:16s (0h:46m:45s left)
Optimizing NNI: done in 56.2909 secs using 44.58% CPU
Estimate model parameters (epsilon = 0.100)
UPDATE BEST LOG-LIKELIHOOD: -68347.435
Optimizing NNI: done in 53.9602 secs using 42.19% CPU
Optimizing NNI: done in 51.548 secs using 46.92% CPU
Optimizing NNI: done in 64.2092 secs using 43.29% CPU
Optimizing NNI: done in 47.2359 secs using 47.57% CPU
Optimizing NNI: done in 58.8112 secs using 45.51% CPU
Optimizing NNI: done in 61.7796 secs using 42.62% CPU
Optimizing NNI: done in 54.5162 secs using 41.19% CPU
Optimizing NNI: done in 51.4889 secs using 41% CPU
Optimizing NNI: done in 53.5153 secs using 40.88% CPU
Iteration 100 / LogL: -68364.307 / Time: 2h:19m:58s (0h:31m:2s left)
Log-likelihood cutoff on original alignment: -68388.589
NOTE: Bootstrap correlation coefficient of split occurrence frequencies: 1.000
UFBoot trees printed to C:/Users/vanes/Phylo/Other_File/ProtoARFs\IQtree_results\2024_06_28-00_19_14\ARFselectedv38_mafft_trimAl.fas.ufboot
Optimizing NNI: done in 48.7355 secs using 40.14% CPU
Optimizing NNI: done in 61.0766 secs using 39.68% CPU
Optimizing NNI: done in 41.6976 secs using 44.07% CPU
Optimizing NNI: done in 46.0479 secs using 41.91% CPU
Optimizing NNI: done in 46.212 secs using 48.45% CPU
Optimizing NNI: done in 49.5417 secs using 39.9% CPU
Optimizing NNI: done in 77.1768 secs using 36.4% CPU
Optimizing NNI: done in 56.7624 secs using 39.89% CPU
Optimizing NNI: done in 52.2742 secs using 38.17% CPU
Optimizing NNI: done in 52.1329 secs using 45.44% CPU
Iteration 110 / LogL: -68351.368 / Time: 2h:28m:59s (2h:2m:48s left)
Optimizing NNI: done in 62.1356 secs using 43.96% CPU
Optimizing NNI: done in 51.2864 secs using 45.39% CPU
Optimizing NNI: done in 57.5953 secs using 41.32% CPU
Optimizing NNI: done in 43.9791 secs using 42.03% CPU
Optimizing NNI: done in 46.1677 secs using 39.6% CPU
Optimizing NNI: done in 53.6259 secs using 43.73% CPU
Optimizing NNI: done in 54.7203 secs using 45.32% CPU
Optimizing NNI: done in 60.0308 secs using 43.73% CPU
Optimizing NNI: done in 61.3717 secs using 42.54% CPU
Optimizing NNI: done in 44.779 secs using 43.76% CPU
Iteration 120 / LogL: -68347.894 / Time: 2h:38m:1s (1h:46m:4s left)
Optimizing NNI: done in 59.8089 secs using 40.73% CPU
Optimizing NNI: done in 46.9912 secs using 43.86% CPU
Optimizing NNI: done in 45.5503 secs using 48.3% CPU
TREE SEARCH COMPLETED AFTER 123 ITERATIONS / Time: 2h:40m:35s
|                    FINALIZING TREE SEARCH                        |
Performs final model parameters optimization
Estimate model parameters (epsilon = 0.010)
1. Initial log-likelihood: -68347.435
2. Current log-likelihood: -68347.367
3. Current log-likelihood: -68347.273
4. Current log-likelihood: -68347.186
5. Current log-likelihood: -68347.114
6. Current log-likelihood: -68347.045
7. Current log-likelihood: -68346.982
8. Current log-likelihood: -68346.927
9. Current log-likelihood: -68346.875
10. Current log-likelihood: -68346.825
11. Current log-likelihood: -68346.779
12. Current log-likelihood: -68346.734
13. Current log-likelihood: -68346.692
14. Current log-likelihood: -68346.651
15. Current log-likelihood: -68346.611
16. Current log-likelihood: -68346.575
17. Current log-likelihood: -68346.539
18. Current log-likelihood: -68346.506
19. Current log-likelihood: -68346.485
20. Current log-likelihood: -68346.464
21. Current log-likelihood: -68346.433
22. Current log-likelihood: -68346.414
23. Current log-likelihood: -68346.397
24. Current log-likelihood: -68346.377
25. Current log-likelihood: -68346.361
26. Current log-likelihood: -68346.342
27. Current log-likelihood: -68346.327
28. Current log-likelihood: -68346.312
29. Current log-likelihood: -68346.295
30. Current log-likelihood: -68346.280
31. Current log-likelihood: -68346.266
32. Current log-likelihood: -68346.250
33. Current log-likelihood: -68346.237
34. Current log-likelihood: -68346.225
35. Current log-likelihood: -68346.212
36. Current log-likelihood: -68346.198
37. Current log-likelihood: -68346.186
38. Current log-likelihood: -68346.175
39. Current log-likelihood: -68346.164
40. Current log-likelihood: -68346.153
41. Current log-likelihood: -68346.143
42. Current log-likelihood: -68346.132
43. Current log-likelihood: -68346.122
Optimal log-likelihood: -68346.109
Site proportion and rates:  (0.071,0.064) (0.098,0.199) (0.204,0.471) (0.271,0.929) (0.356,1.766)
Parameters optimization took 43 rounds (762.571 sec)
BEST SCORE FOUND : -68346.109
Testing tree branches by SH-like aLRT with 1000 replicates...
Testing tree branches by aBayes parametric test...
33.844 sec.
Creating bootstrap support values...
Split supports printed to NEXUS file C:/Users/vanes/Phylo/Other_File/ProtoARFs\IQtree_results\2024_06_28-00_19_14\ARFselectedv38_mafft_trimAl.fas.splits.nex
Total tree length: 55.711
Total number of iterations: 123
CPU time used for tree search: 3369.641 sec (0h:56m:9s)
Wall-clock time used for tree search: 9150.858 sec (2h:32m:30s)
Total CPU time used: 3878.469 sec (1h:4m:38s)
Total wall-clock time used: 10434.509 sec (2h:53m:54s)
UFBoot trees printed to C:/Users/vanes/Phylo/Other_File/ProtoARFs\IQtree_results\2024_06_28-00_19_14\ARFselectedv38_mafft_trimAl.fas.ufboot
Computing bootstrap consensus tree...
Reading input file C:/Users/vanes/Phylo/Other_File/ProtoARFs\IQtree_results\2024_06_28-00_19_14\ARFselectedv38_mafft_trimAl.fas.splits.nex...
64 taxa and 306 splits.
Consensus tree written to C:/Users/vanes/Phylo/Other_File/ProtoARFs\IQtree_results\2024_06_28-00_19_14\ARFselectedv38_mafft_trimAl.fas.contree
Reading input trees file C:/Users/vanes/Phylo/Other_File/ProtoARFs\IQtree_results\2024_06_28-00_19_14\ARFselectedv38_mafft_trimAl.fas.contree
Log-likelihood of consensus tree: -68346.109
Analysis results written to:
IQ-TREE report:                C:/Users/vanes/Phylo/Other_File/ProtoARFs\IQtree_results\2024_06_28-00_19_14\ARFselectedv38_mafft_trimAl.fas.iqtree
Maximum-likelihood tree:       C:/Users/vanes/Phylo/Other_File/ProtoARFs\IQtree_results\2024_06_28-00_19_14\ARFselectedv38_mafft_trimAl.fas.treefile
Likelihood distances:          C:/Users/vanes/Phylo/Other_File/ProtoARFs\IQtree_results\2024_06_28-00_19_14\ARFselectedv38_mafft_trimAl.fas.mldist
Ultrafast bootstrap approximation results written to:
Split support values:          C:/Users/vanes/Phylo/Other_File/ProtoARFs\IQtree_results\2024_06_28-00_19_14\ARFselectedv38_mafft_trimAl.fas.splits.nex
Consensus tree:                C:/Users/vanes/Phylo/Other_File/ProtoARFs\IQtree_results\2024_06_28-00_19_14\ARFselectedv38_mafft_trimAl.fas.contree
UFBoot trees:                  C:/Users/vanes/Phylo/Other_File/ProtoARFs\IQtree_results\2024_06_28-00_19_14\ARFselectedv38_mafft_trimAl.fas.ufboot
Screen log file:               C:/Users/vanes/Phylo/Other_File/ProtoARFs\IQtree_results\2024_06_28-00_19_14\ARFselectedv38_mafft_trimAl.fas.log
Date and Time: Fri Jun 28 03:13:35 2024
